<?xml version="1.0" encoding="UTF-8"?>
<!-- Generated by org.testng.reporters.JUnitReportReporter -->
<testsuite hostname="DESKTOP-350I21P" failures="0" tests="5" name="Calculator.Calculator_Op" time="15.806" errors="0" timestamp="2021-11-30T17:12:55 IST" skipped="0">
  <testcase classname="Calculator.Calculator_Op" name="open" time="5.489"/>
  <system-out/>
  <testcase classname="Calculator.Calculator_Op" name="Multiplication" time="2.464"/>
  <system-out/>
  <testcase classname="Calculator.Calculator_Op" name="Division" time="2.376"/>
  <system-out/>
  <testcase classname="Calculator.Calculator_Op" name="Addition" time="2.525"/>
  <system-out/>
  <testcase classname="Calculator.Calculator_Op" name="Substraction" time="2.952"/>
  <system-out/>
</testsuite> <!-- Calculator.Calculator_Op -->
